<?xml version="1.0" encoding="UTF-8"?>
<!-- Generated by org.testng.reporters.JUnitReportReporter -->
<testsuite hostname="CSAINT" failures="0" tests="1" name="testAmazon.testCaseLogin" time="2.570" errors="0" timestamp="2022-12-11T16:33:34 EST" skipped="0">
  <testcase classname="testAmazon.testCaseLogin" name="ValidData" time="2.570"/>
  <system-out/>
</testsuite> <!-- testAmazon.testCaseLogin -->
