<?xml version="1.0" encoding="UTF-8"?>
<!-- Generated by org.testng.reporters.JUnitReportReporter -->
<testsuite hostname="CSAINT" failures="0" tests="1" name="testAmazon.testYourOrder" time="9.443" errors="0" timestamp="2022-12-11T18:39:57 EST" skipped="0">
  <testcase classname="testAmazon.testYourOrder" name="VerifyText" time="9.443"/>
  <system-out/>
</testsuite> <!-- testAmazon.testYourOrder -->
