<?xml version="1.0" encoding="UTF-8"?>
<!-- Generated by org.testng.reporters.JUnitReportReporter -->
<testsuite hostname="CSAINT" failures="0" tests="2" name="testAmazon.testCaseCreateAccount" time="5.364" errors="0" timestamp="2022-12-11T14:52:22 EST" skipped="0">
  <testcase classname="testAmazon.testCaseCreateAccount" name="VerifyTittle" time="0.002"/>
  <system-out/>
  <testcase classname="testAmazon.testCaseCreateAccount" name="Tc2_InvalidEmptyData" time="5.362"/>
  <system-out/>
</testsuite> <!-- testAmazon.testCaseCreateAccount -->
